0 info it worked if it ends with ok
1 verbose cli [ '/usr/bin/node', '/usr/bin/npm', 'install', 'csv' ]
2 info using npm@1.4.3
3 info using node@v0.10.26
4 verbose node symlink /usr/bin/node
5 error Failed to parse json
5 error Unexpected token }
6 error File: /home/kofi/HW3/nodetest1/package.json
7 error Failed to parse package.json data.
7 error package.json must be actual JSON, not just JavaScript.
7 error
7 error This is not a bug in npm.
7 error Tell the package author to fix their package.json file. JSON.parse
8 error System Linux 3.11.0-12-generic
9 error command "/usr/bin/node" "/usr/bin/npm" "install" "csv"
10 error cwd /home/kofi/HW3/nodetest1
11 error node -v v0.10.26
12 error npm -v 1.4.3
13 error file /home/kofi/HW3/nodetest1/package.json
14 error code EJSONPARSE
15 verbose exit [ 1, true ]
